<?xml version="1.0" encoding="UTF-8"?>
<!-- Generated by org.testng.reporters.JUnitReportReporter -->
<testsuite hostname="ewings-kubuntu" failures="0" tests="2" name="testNg.invocation_count" time="0.017" errors="0" timestamp="2022-11-10T08:19:22 IST" skipped="0">
  <testcase classname="testNg.invocation_count" name="TC2" time="0.002"/>
  <system-out>
    <![CDATA[running Tc1]]>
  </system-out>
  <testcase classname="testNg.invocation_count" name="TC1" time="0.015"/>
  <system-out>
    <![CDATA[running Tc1]]>
  </system-out>
</testsuite> <!-- testNg.invocation_count -->
