<?xml version="1.0" encoding="UTF-8"?>
<!-- Generated by org.testng.reporters.JUnitReportReporter -->
<testsuite hostname="ewings-kubuntu" failures="0" tests="3" name="test_Batch.C" time="0.005" errors="0" timestamp="2022-11-10T21:03:14 IST" skipped="0">
  <testcase classname="test_Batch.C" name="TC7" time="0.002"/>
  <system-out>
    <![CDATA[running TC7]]>
  </system-out>
  <testcase classname="test_Batch.C" name="TC9" time="0.001"/>
  <system-out>
    <![CDATA[running TC9]]>
  </system-out>
  <testcase classname="test_Batch.C" name="TC8" time="0.002"/>
  <system-out>
    <![CDATA[running TC8]]>
  </system-out>
</testsuite> <!-- test_Batch.C -->
