<?xml version="1.0" encoding="UTF-8"?>
<!-- Generated by org.testng.reporters.JUnitReportReporter -->
<testsuite hostname="ewings-kubuntu" failures="0" tests="2" name="testNg.emailable_report" time="0.019" errors="0" timestamp="2022-11-09T17:36:39 IST" skipped="0">
  <testcase classname="testNg.emailable_report" name="TC1" time="0.017"/>
  <system-out>
    <![CDATA[running TC1]]>
  </system-out>
  <testcase classname="testNg.emailable_report" name="TC2" time="0.002"/>
  <system-out>
    <![CDATA[running TC2]]>
  </system-out>
</testsuite> <!-- testNg.emailable_report -->
