<?xml version="1.0" encoding="UTF-8"?>
<!-- Generated by org.testng.reporters.JUnitReportReporter -->
<testsuite hostname="ewings-kubuntu" failures="0" tests="3" name="test_Batch.A" time="0.007" errors="0" timestamp="2022-11-10T21:03:14 IST" skipped="0">
  <testcase classname="test_Batch.A" name="TC3" time="0.002"/>
  <system-out>
    <![CDATA[running TC3]]>
  </system-out>
  <testcase classname="test_Batch.A" name="TC1" time="0.002"/>
  <system-out>
    <![CDATA[running TC1]]>
  </system-out>
  <testcase classname="test_Batch.A" name="TC2" time="0.003"/>
  <system-out>
    <![CDATA[running TC2]]>
  </system-out>
</testsuite> <!-- test_Batch.A -->
