<?xml version="1.0" encoding="UTF-8"?>
<!-- Generated by org.testng.reporters.JUnitReportReporter -->
<testsuite hostname="ewings-kubuntu" failures="0" tests="3" name="testNg.Emailable" time="0.017" errors="0" timestamp="2022-11-10T20:44:55 IST" skipped="0">
  <testcase classname="testNg.Emailable" name="TC3" time="0.002"/>
  <system-out>
    <![CDATA[running Tc3]]>
  </system-out>
  <testcase classname="testNg.Emailable" name="TC1" time="0.013"/>
  <system-out>
    <![CDATA[Running TC1]]>
  </system-out>
  <testcase classname="testNg.Emailable" name="TC2" time="0.002"/>
  <system-out>
    <![CDATA[running Tc2]]>
  </system-out>
</testsuite> <!-- testNg.Emailable -->
