<?xml version="1.0" encoding="UTF-8"?>
<!-- Generated by org.testng.reporters.JUnitReportReporter -->
<testsuite hostname="ewings-kubuntu" failures="0" tests="2" name="testNg.executable" time="0.016" errors="0" timestamp="2022-11-10T21:05:12 IST" skipped="0">
  <testcase classname="testNg.executable" name="TC2" time="0.002"/>
  <system-out>
    <![CDATA[running TC2]]>
  </system-out>
  <testcase classname="testNg.executable" name="TC1" time="0.014"/>
  <system-out>
    <![CDATA[running TC1]]>
  </system-out>
</testsuite> <!-- testNg.executable -->
