<?xml version="1.0" encoding="UTF-8"?>
<!-- Generated by org.testng.reporters.JUnitReportReporter -->
<testsuite hostname="ewings-kubuntu" failures="0" tests="3" name="test_Batch.B" time="0.018" errors="0" timestamp="2022-11-10T21:03:14 IST" skipped="0">
  <testcase classname="test_Batch.B" name="TC4" time="0.013"/>
  <system-out>
    <![CDATA[running TC4]]>
  </system-out>
  <testcase classname="test_Batch.B" name="TC5" time="0.002"/>
  <system-out>
    <![CDATA[running TC5]]>
  </system-out>
  <testcase classname="test_Batch.B" name="TC6" time="0.003"/>
  <system-out>
    <![CDATA[running TC6]]>
  </system-out>
</testsuite> <!-- test_Batch.B -->
